\BOOKMARK [0][-]{chapter.1}{\376\377\000M\000a\000i\000n\000\040\000P\000a\000g\000e}{}% 1
\BOOKMARK [1][-]{section.1.1}{\376\377\000I\000n\000t\000r\000o\000d\000u\000c\000t\000i\000o\000n}{chapter.1}% 2
\BOOKMARK [1][-]{section.1.2}{\376\377\000I\000n\000s\000t\000a\000l\000l\000a\000t\000i\000o\000n}{chapter.1}% 3
\BOOKMARK [1][-]{section.1.3}{\376\377\000U\000s\000a\000g\000e}{chapter.1}% 4
\BOOKMARK [1][-]{section.1.4}{\376\377\000h\000o\000w\000\137\000t\000o}{chapter.1}% 5
\BOOKMARK [0][-]{chapter.2}{\376\377\000C\000l\000a\000s\000s\000\040\000I\000n\000d\000e\000x}{}% 6
\BOOKMARK [1][-]{section.2.1}{\376\377\000C\000l\000a\000s\000s\000\040\000L\000i\000s\000t}{chapter.2}% 7
\BOOKMARK [0][-]{chapter.3}{\376\377\000C\000l\000a\000s\000s\000\040\000D\000o\000c\000u\000m\000e\000n\000t\000a\000t\000i\000o\000n}{}% 8
\BOOKMARK [1][-]{section.3.1}{\376\377\000a\000m\000z\000e\000r\000\040\000C\000l\000a\000s\000s\000\040\000R\000e\000f\000e\000r\000e\000n\000c\000e}{chapter.3}% 9
\BOOKMARK [2][-]{subsection.3.1.1}{\376\377\000D\000e\000t\000a\000i\000l\000e\000d\000\040\000D\000e\000s\000c\000r\000i\000p\000t\000i\000o\000n}{section.3.1}% 10
\BOOKMARK [2][-]{subsection.3.1.2}{\376\377\000M\000e\000m\000b\000e\000r\000\040\000F\000u\000n\000c\000t\000i\000o\000n\000\040\000D\000o\000c\000u\000m\000e\000n\000t\000a\000t\000i\000o\000n}{section.3.1}% 11
\BOOKMARK [3][-]{subsubsection.3.1.2.1}{\376\377\000p\000r\000i\000n\000t\000\137\000a\000l\000l}{subsection.3.1.2}% 12
\BOOKMARK [3][-]{subsubsection.3.1.2.2}{\376\377\000p\000r\000i\000n\000t\000\137\000t\000i\000m\000e}{subsection.3.1.2}% 13
\BOOKMARK [3][-]{subsubsection.3.1.2.3}{\376\377\000z\000o\000n\000e}{subsection.3.1.2}% 14
\BOOKMARK [1][-]{section.3.2}{\376\377\000A\000s\000t\000r\000o\000n\000o\000m\000y\000\040\000C\000l\000a\000s\000s\000\040\000R\000e\000f\000e\000r\000e\000n\000c\000e}{chapter.3}% 15
\BOOKMARK [2][-]{subsection.3.2.1}{\376\377\000D\000e\000t\000a\000i\000l\000e\000d\000\040\000D\000e\000s\000c\000r\000i\000p\000t\000i\000o\000n}{section.3.2}% 16
\BOOKMARK [2][-]{subsection.3.2.2}{\376\377\000M\000e\000m\000b\000e\000r\000\040\000F\000u\000n\000c\000t\000i\000o\000n\000\040\000D\000o\000c\000u\000m\000e\000n\000t\000a\000t\000i\000o\000n}{section.3.2}% 17
\BOOKMARK [3][-]{subsubsection.3.2.2.1}{\376\377\000a\000b\000e\000r\000r\000a\000t\000e}{subsection.3.2.2}% 18
\BOOKMARK [3][-]{subsubsection.3.2.2.2}{\376\377\000a\000d\000j\000\137\000t\000i\000m\000e}{subsection.3.2.2}% 19
\BOOKMARK [3][-]{subsubsection.3.2.2.3}{\376\377\000b\000a\000r\000y\000c\000o\000r}{subsection.3.2.2}% 20
\BOOKMARK [3][-]{subsubsection.3.2.2.4}{\376\377\000e\000c\000l\000i\000p\000t}{subsection.3.2.2}% 21
\BOOKMARK [3][-]{subsubsection.3.2.2.5}{\376\377\000e\000t\000c\000o\000r\000r}{subsection.3.2.2}% 22
\BOOKMARK [3][-]{subsubsection.3.2.2.6}{\376\377\000g\000a\000l\000a\000c\000t}{subsection.3.2.2}% 23
\BOOKMARK [3][-]{subsubsection.3.2.2.7}{\376\377\000g\000e\000o\000c\000e\000n\000t}{subsection.3.2.2}% 24
\BOOKMARK [3][-]{subsubsection.3.2.2.8}{\376\377\000h\000a\000\137\000a\000l\000t}{subsection.3.2.2}% 25
\BOOKMARK [3][-]{subsubsection.3.2.2.9}{\376\377\000h\000e\000l\000c\000o\000r}{subsection.3.2.2}% 26
\BOOKMARK [3][-]{subsubsection.3.2.2.10}{\376\377\000h\000o\000r\000i\000z\000C\000o\000o\000r\000d}{subsection.3.2.2}% 27
\BOOKMARK [3][-]{subsubsection.3.2.2.11}{\376\377\000l\000s\000r\000c\000o\000r}{subsection.3.2.2}% 28
\BOOKMARK [3][-]{subsubsection.3.2.2.12}{\376\377\000l\000s\000t}{subsection.3.2.2}% 29
\BOOKMARK [3][-]{subsubsection.3.2.2.13}{\376\377\000n\000e\000a\000r\000\137\000h\000o\000r\000\137\000r\000e\000f\000r}{subsection.3.2.2}% 30
\BOOKMARK [3][-]{subsubsection.3.2.2.14}{\376\377\000n\000u\000t\000a\000t\000i\000o\000n\000\137\000p\000a\000r\000a\000m\000s}{subsection.3.2.2}% 31
\BOOKMARK [3][-]{subsubsection.3.2.2.15}{\376\377\000p\000r\000e\000c\000e\000s\000s}{subsection.3.2.2}% 32
\BOOKMARK [3][-]{subsubsection.3.2.2.16}{\376\377\000p\000r\000i\000n\000t\000\137\000t\000i\000m\000e}{subsection.3.2.2}% 33
\BOOKMARK [3][-]{subsubsection.3.2.2.17}{\376\377\000p\000r\000i\000n\000t\000\137\000t\000i\000m\000e}{subsection.3.2.2}% 34
\BOOKMARK [3][-]{subsubsection.3.2.2.18}{\376\377\000r\000e\000f\000r\000a\000c\000t\000\137\000c\000o\000r\000r}{subsection.3.2.2}% 35
\BOOKMARK [3][-]{subsubsection.3.2.2.19}{\376\377\000r\000e\000f\000r\000a\000c\000t\000\137\000s\000i\000z\000e}{subsection.3.2.2}% 36
\BOOKMARK [3][-]{subsubsection.3.2.2.20}{\376\377\000s\000e\000c\000a\000n\000t\000\137\000z}{subsection.3.2.2}% 37
\BOOKMARK [3][-]{subsubsection.3.2.2.21}{\376\377\000s\000u\000b\000t\000e\000n\000d}{subsection.3.2.2}% 38
\BOOKMARK [3][-]{subsubsection.3.2.2.22}{\376\377\000t\000r\000u\000e\000\137\000a\000i\000r\000m\000a\000s\000s}{subsection.3.2.2}% 39
\BOOKMARK [3][-]{subsubsection.3.2.2.23}{\376\377\000x\000y\000z\000\137\000c\000e\000l}{subsection.3.2.2}% 40
\BOOKMARK [3][-]{subsubsection.3.2.2.24}{\376\377\000z\000t\000w\000i\000l\000i\000g\000h\000t}{subsection.3.2.2}% 41
\BOOKMARK [1][-]{section.3.3}{\376\377\000A\000s\000t\000r\000o\000n\000o\000m\000y\000:\000:\000c\000o\000o\000r\000d\000\040\000S\000t\000r\000u\000c\000t\000\040\000R\000e\000f\000e\000r\000e\000n\000c\000e}{chapter.3}% 42
\BOOKMARK [2][-]{subsection.3.3.1}{\376\377\000D\000e\000t\000a\000i\000l\000e\000d\000\040\000D\000e\000s\000c\000r\000i\000p\000t\000i\000o\000n}{section.3.3}% 43
\BOOKMARK [2][-]{subsection.3.3.2}{\376\377\000M\000e\000m\000b\000e\000r\000\040\000D\000a\000t\000a\000\040\000D\000o\000c\000u\000m\000e\000n\000t\000a\000t\000i\000o\000n}{section.3.3}% 44
\BOOKMARK [3][-]{subsubsection.3.3.2.1}{\376\377\000h\000h}{subsection.3.3.2}% 45
\BOOKMARK [3][-]{subsubsection.3.3.2.2}{\376\377\000m\000m}{subsection.3.3.2}% 46
\BOOKMARK [3][-]{subsubsection.3.3.2.3}{\376\377\000s\000i\000g\000n}{subsection.3.3.2}% 47
\BOOKMARK [3][-]{subsubsection.3.3.2.4}{\376\377\000s\000s}{subsection.3.3.2}% 48
\BOOKMARK [1][-]{section.3.4}{\376\377\000M\000o\000o\000n\000\040\000C\000l\000a\000s\000s\000\040\000R\000e\000f\000e\000r\000e\000n\000c\000e}{chapter.3}% 49
\BOOKMARK [2][-]{subsection.3.4.1}{\376\377\000D\000e\000t\000a\000i\000l\000e\000d\000\040\000D\000e\000s\000c\000r\000i\000p\000t\000i\000o\000n}{section.3.4}% 50
\BOOKMARK [2][-]{subsection.3.4.2}{\376\377\000M\000e\000m\000b\000e\000r\000\040\000F\000u\000n\000c\000t\000i\000o\000n\000\040\000D\000o\000c\000u\000m\000e\000n\000t\000a\000t\000i\000o\000n}{section.3.4}% 51
\BOOKMARK [3][-]{subsubsection.3.4.2.1}{\376\377\000a\000c\000c\000u\000m\000o\000o\000n}{subsection.3.4.2}% 52
\BOOKMARK [3][-]{subsubsection.3.4.2.2}{\376\377\000f\000l\000m\000o\000o\000n}{subsection.3.4.2}% 53
\BOOKMARK [3][-]{subsubsection.3.4.2.3}{\376\377\000j\000d\000\137\000m\000o\000o\000n\000\137\000a\000l\000t}{subsection.3.4.2}% 54
\BOOKMARK [3][-]{subsubsection.3.4.2.4}{\376\377\000l\000u\000n\000s\000k\000y\000b\000r\000i\000g\000h\000t}{subsection.3.4.2}% 55
\BOOKMARK [1][-]{section.3.5}{\376\377\000O\000b\000s\000e\000r\000v\000a\000t\000o\000r\000y\000\040\000C\000l\000a\000s\000s\000\040\000R\000e\000f\000e\000r\000e\000n\000c\000e}{chapter.3}% 56
\BOOKMARK [2][-]{subsection.3.5.1}{\376\377\000D\000e\000t\000a\000i\000l\000e\000d\000\040\000D\000e\000s\000c\000r\000i\000p\000t\000i\000o\000n}{section.3.5}% 57
\BOOKMARK [2][-]{subsection.3.5.2}{\376\377\000M\000e\000m\000b\000e\000r\000\040\000F\000u\000n\000c\000t\000i\000o\000n\000\040\000D\000o\000c\000u\000m\000e\000n\000t\000a\000t\000i\000o\000n}{section.3.5}% 58
\BOOKMARK [3][-]{subsubsection.3.5.2.1}{\376\377\000f\000i\000n\000d\000\137\000d\000s\000t\000\137\000b\000o\000u\000n\000d\000s}{subsection.3.5.2}% 59
\BOOKMARK [2][-]{subsection.3.5.3}{\376\377\000M\000e\000m\000b\000e\000r\000\040\000D\000a\000t\000a\000\040\000D\000o\000c\000u\000m\000e\000n\000t\000a\000t\000i\000o\000n}{section.3.5}% 60
\BOOKMARK [3][-]{subsubsection.3.5.3.1}{\376\377\000e\000l\000e\000v\000a\000t\000i\000o\000n}{subsection.3.5.3}% 61
\BOOKMARK [3][-]{subsubsection.3.5.3.2}{\376\377\000e\000l\000e\000v\000s\000e\000a}{subsection.3.5.3}% 62
\BOOKMARK [3][-]{subsubsection.3.5.3.3}{\376\377\000m\000a\000g\000s\000k\000y}{subsection.3.5.3}% 63
\BOOKMARK [3][-]{subsubsection.3.5.3.4}{\376\377\000u\000s\000e\000\137\000d\000s\000t}{subsection.3.5.3}% 64
\BOOKMARK [1][-]{section.3.6}{\376\377\000P\000l\000a\000n\000e\000t\000s\000:\000:\000p\000l\000a\000n\000e\000t\000a\000r\000y\000\137\000e\000l\000e\000m\000e\000n\000t\000s\000\040\000S\000t\000r\000u\000c\000t\000\040\000R\000e\000f\000e\000r\000e\000n\000c\000e}{chapter.3}% 65
\BOOKMARK [2][-]{subsection.3.6.1}{\376\377\000D\000e\000t\000a\000i\000l\000e\000d\000\040\000D\000e\000s\000c\000r\000i\000p\000t\000i\000o\000n}{section.3.6}% 66
\BOOKMARK [1][-]{section.3.7}{\376\377\000P\000l\000a\000n\000e\000t\000s\000\040\000C\000l\000a\000s\000s\000\040\000R\000e\000f\000e\000r\000e\000n\000c\000e}{chapter.3}% 67
\BOOKMARK [2][-]{subsection.3.7.1}{\376\377\000D\000e\000t\000a\000i\000l\000e\000d\000\040\000D\000e\000s\000c\000r\000i\000p\000t\000i\000o\000n}{section.3.7}% 68
\BOOKMARK [2][-]{subsection.3.7.2}{\376\377\000M\000e\000m\000b\000e\000r\000\040\000F\000u\000n\000c\000t\000i\000o\000n\000\040\000D\000o\000c\000u\000m\000e\000n\000t\000a\000t\000i\000o\000n}{section.3.7}% 69
\BOOKMARK [3][-]{subsubsection.3.7.2.1}{\376\377\000e\000a\000r\000t\000h\000v\000i\000e\000w}{subsection.3.7.2}% 70
\BOOKMARK [3][-]{subsubsection.3.7.2.2}{\376\377\000p\000l\000a\000n\000e\000t\000v\000e\000l}{subsection.3.7.2}% 71
\BOOKMARK [3][-]{subsubsection.3.7.2.3}{\376\377\000p\000l\000a\000n\000e\000t\000x\000y\000z}{subsection.3.7.2}% 72
\BOOKMARK [3][-]{subsubsection.3.7.2.4}{\376\377\000x\000y\000z\0002\0000\0000\0000}{subsection.3.7.2}% 73
\BOOKMARK [3][-]{subsubsection.3.7.2.5}{\376\377\000x\000y\000z\0002\0000\0000\0000\000x\000f}{subsection.3.7.2}% 74
\BOOKMARK [1][-]{section.3.8}{\376\377\000S\000u\000n\000\040\000C\000l\000a\000s\000s\000\040\000R\000e\000f\000e\000r\000e\000n\000c\000e}{chapter.3}% 75
\BOOKMARK [2][-]{subsection.3.8.1}{\376\377\000D\000e\000t\000a\000i\000l\000e\000d\000\040\000D\000e\000s\000c\000r\000i\000p\000t\000i\000o\000n}{section.3.8}% 76
\BOOKMARK [2][-]{subsection.3.8.2}{\376\377\000M\000e\000m\000b\000e\000r\000\040\000F\000u\000n\000c\000t\000i\000o\000n\000\040\000D\000o\000c\000u\000m\000e\000n\000t\000a\000t\000i\000o\000n}{section.3.8}% 77
\BOOKMARK [3][-]{subsubsection.3.8.2.1}{\376\377\000a\000c\000c\000u\000s\000u\000n}{subsection.3.8.2}% 78
\BOOKMARK [3][-]{subsubsection.3.8.2.2}{\376\377\000j\000d\000\137\000s\000u\000n\000\137\000a\000l\000t}{subsection.3.8.2}% 79
\BOOKMARK [3][-]{subsubsection.3.8.2.3}{\376\377\000l\000p\000s\000u\000n}{subsection.3.8.2}% 80
\BOOKMARK [1][-]{section.3.9}{\376\377\000T\000w\000i\000l\000i\000g\000h\000t\000s\000\040\000S\000t\000r\000u\000c\000t\000\040\000R\000e\000f\000e\000r\000e\000n\000c\000e}{chapter.3}% 81
\BOOKMARK [2][-]{subsection.3.9.1}{\376\377\000D\000e\000t\000a\000i\000l\000e\000d\000\040\000D\000e\000s\000c\000r\000i\000p\000t\000i\000o\000n}{section.3.9}% 82
\BOOKMARK [-1][-]{subsection.3.9.1}{\376\377\000I\000n\000d\000e\000x}{}% 83
